INFO [2019-11-18 17:19:36] [[1]]
INFO [2019-11-18 17:19:36] query_ID[c(5, 8, 9, 12)]
INFO [2019-11-18 17:19:36] 
INFO [2019-11-18 17:19:36] [[2]]
INFO [2019-11-18 17:19:36] [1] "./Figure1b.png"
INFO [2019-11-18 17:19:36] 
INFO [2019-11-18 17:19:36] $imagetype
INFO [2019-11-18 17:19:36] [1] "png"
INFO [2019-11-18 17:19:36] 
INFO [2019-11-18 17:19:36] $height
INFO [2019-11-18 17:19:36] [1] 12
INFO [2019-11-18 17:19:36] 
INFO [2019-11-18 17:19:36] $width
INFO [2019-11-18 17:19:36] [1] 12
INFO [2019-11-18 17:19:36] 
INFO [2019-11-18 17:19:36] $units
INFO [2019-11-18 17:19:36] [1] "cm"
INFO [2019-11-18 17:19:36] 
INFO [2019-11-18 17:19:36] $resolution
INFO [2019-11-18 17:19:36] [1] 600
INFO [2019-11-18 17:19:36] 
INFO [2019-11-18 17:19:36] $fill
INFO [2019-11-18 17:19:36] c("violet", "salmon", "skyblue", "Royalblue")
INFO [2019-11-18 17:19:36] 
INFO [2019-11-18 17:19:36] $main
INFO [2019-11-18 17:19:36] [1] "DE genes"
INFO [2019-11-18 17:19:36] 
INFO [2019-11-18 17:19:36] $cex
INFO [2019-11-18 17:19:36] [1] 2
INFO [2019-11-18 17:19:36] 
INFO [2019-11-18 17:19:36] $cat.cex
INFO [2019-11-18 17:19:36] [1] 1.5
INFO [2019-11-18 17:19:36] 
INFO [2019-11-18 17:19:36] $main.cex
INFO [2019-11-18 17:19:36] [1] 2
INFO [2019-11-18 17:19:36] 
INFO [2019-11-18 17:19:36] $category.names
INFO [2019-11-18 17:19:36] paste0(rep(c("F.", "M."), each = 2), c("down", "up"))
INFO [2019-11-18 17:19:36] 
